[backblue.gif]
[fade.gif]
[index.html]
[www.getmonero.org/press-kit/symbols/monero-symbol-on-white-480.png]
[www.getmonero.org/downloads/index-2.html]
[www.getmonero.org/meta/apple-touch-icon.png]
[www.getmonero.org/meta/favicon-32x32.png]
[www.getmonero.org/meta/favicon-16x16.png]
[www.getmonero.org/css/custom.css]
[www.getmonero.org/img/monero-logo.png]
[www.getmonero.org/img/language.png]
[www.getmonero.org/img/downloads/gui.png]
[www.getmonero.org/downloads/hashes.txt]
[www.getmonero.org/img/downloads/cli.png]
[www.getmonero.org/img/cakewallet.png]
[www.getmonero.org/img/feather.png]
[www.getmonero.org/img/Monerujo-wallet.png]
[www.getmonero.org/img/mymonero.png]
[www.getmonero.org/img/edge-wallet.png]
[www.getmonero.org/img/ledger.png]
[www.getmonero.org/img/trezor.png]
[www.getmonero.org/downloads/index.html]
[www.getmonero.org/downloads/index-2.html]
[www.getmonero.org/img/monero-spritesheet.png]
[www.getmonero.org/css/custom.css]
